[2023-12-21 10:59:35 [32mINFO [0;39m restartedMain] [com.green.greengram3.Greengram3Application] [36mStarting Greengram3Application using Java 17.0.8.1 with PID 9544 (D:\java\greengram3\target\classes started by Administrator in D:\java\greengram3)[0;39m
[2023-12-21 10:59:35 [32mINFO [0;39m restartedMain] [com.green.greengram3.Greengram3Application] [36mNo active profile set, falling back to 1 default profile: "default"[0;39m
[2023-12-21 10:59:35 [32mINFO [0;39m restartedMain] [org.springframework.boot.devtools.env.DevToolsPropertyDefaultsPostProcessor] [36mDevtools property defaults active! Set 'spring.devtools.add-properties' to 'false' to disable[0;39m
[2023-12-21 10:59:35 [32mINFO [0;39m restartedMain] [org.springframework.boot.devtools.env.DevToolsPropertyDefaultsPostProcessor] [36mFor additional web related logging consider setting the 'logging.level.web' property to 'DEBUG'[0;39m
[2023-12-21 10:59:36 [32mINFO [0;39m restartedMain] [org.springframework.boot.web.embedded.tomcat.TomcatWebServer] [36mTomcat initialized with port 8082 (http)[0;39m
[2023-12-21 10:59:36 [32mINFO [0;39m restartedMain] [org.apache.coyote.http11.Http11NioProtocol] [36mInitializing ProtocolHandler ["http-nio-8082"][0;39m
[2023-12-21 10:59:36 [32mINFO [0;39m restartedMain] [org.apache.catalina.core.StandardService] [36mStarting service [Tomcat][0;39m
[2023-12-21 10:59:36 [32mINFO [0;39m restartedMain] [org.apache.catalina.core.StandardEngine] [36mStarting Servlet engine: [Apache Tomcat/10.1.16][0;39m
[2023-12-21 10:59:36 [32mINFO [0;39m restartedMain] [org.apache.catalina.core.ContainerBase.[Tomcat].[localhost].[/]] [36mInitializing Spring embedded WebApplicationContext[0;39m
[2023-12-21 10:59:36 [32mINFO [0;39m restartedMain] [org.springframework.boot.web.servlet.context.ServletWebServerApplicationContext] [36mRoot WebApplicationContext: initialization completed in 828 ms[0;39m
[2023-12-21 10:59:36 [32mINFO [0;39m restartedMain] [org.springframework.boot.autoconfigure.web.servlet.WelcomePageHandlerMapping] [36mAdding welcome page: class path resource [static/index.html][0;39m
[2023-12-21 10:59:36 [32mINFO [0;39m restartedMain] [org.springframework.boot.devtools.autoconfigure.OptionalLiveReloadServer] [36mLiveReload server is running on port 35729[0;39m
[2023-12-21 10:59:36 [32mINFO [0;39m restartedMain] [org.apache.coyote.http11.Http11NioProtocol] [36mStarting ProtocolHandler ["http-nio-8082"][0;39m
[2023-12-21 10:59:36 [32mINFO [0;39m restartedMain] [org.springframework.boot.web.embedded.tomcat.TomcatWebServer] [36mTomcat started on port 8082 (http) with context path ''[0;39m
[2023-12-21 10:59:36 [32mINFO [0;39m restartedMain] [com.green.greengram3.Greengram3Application] [36mStarted Greengram3Application in 1.795 seconds (process running for 2.317)[0;39m
[2023-12-21 10:59:44 INFO  main] [com.green.greengram3.feed.FeedServiceTest] Starting FeedServiceTest using Java 17.0.8.1 with PID 9636 (started by Administrator in D:\java\greengram3)
[2023-12-21 10:59:44 INFO  main] [com.green.greengram3.feed.FeedServiceTest] No active profile set, falling back to 1 default profile: "default"
[2023-12-21 10:59:45 INFO  main] [com.green.greengram3.feed.FeedServiceTest] Started FeedServiceTest in 1.718 seconds (process running for 2.454)
[2023-12-21 10:59:45 INFO  main] [com.zaxxer.hikari.HikariDataSource] HikariPool-1 - Starting...
[2023-12-21 10:59:45 INFO  main] [com.zaxxer.hikari.pool.HikariPool] HikariPool-1 - Added connection org.mariadb.jdbc.Connection@56c42964
[2023-12-21 10:59:45 INFO  main] [com.zaxxer.hikari.HikariDataSource] HikariPool-1 - Start completed.
[2023-12-21 10:59:45 INFO  main] [com.green.greengram3.feed.FeedService] dto: FeedSelDto(page=0, loginedIuser=0, targetIuser=0, isFavList=0, startIdx=0, finishIdx=20)
[2023-12-21 10:59:45 INFO  main] [com.green.greengram3.feed.FeedService] beforeresult: [FeedSelVo(ifeed=1, contents=일번 , location=null, createdAt=null, writerIuser=0, writerNm=null, writerPic=null, pics=null, isFav=0, comments=null, isMoreComment=0), FeedSelVo(ifeed=3, contents=이번 , location=null, createdAt=null, writerIuser=0, writerNm=null, writerPic=null, pics=null, isFav=0, comments=null, isMoreComment=0)]
[2023-12-21 10:59:45 INFO  main] [com.green.greengram3.feed.FeedService] afterresult: [FeedSelVo(ifeed=1, contents=일번 , location=null, createdAt=null, writerIuser=0, writerNm=null, writerPic=null, pics=[], isFav=0, comments=[], isMoreComment=0), FeedSelVo(ifeed=3, contents=이번 , location=null, createdAt=null, writerIuser=0, writerNm=null, writerPic=null, pics=[], isFav=0, comments=[], isMoreComment=0)]
[2023-12-21 10:59:45 INFO  main] [com.green.greengram3.feed.FeedService] dto: FeedSelDto(page=0, loginedIuser=0, targetIuser=0, isFavList=0, startIdx=0, finishIdx=20)
[2023-12-21 10:59:45 INFO  main] [com.green.greengram3.feed.FeedService] beforeresult: [FeedSelVo(ifeed=1, contents=일번 , location=null, createdAt=null, writerIuser=0, writerNm=null, writerPic=null, pics=[], isFav=0, comments=[], isMoreComment=0), FeedSelVo(ifeed=3, contents=이번 , location=null, createdAt=null, writerIuser=0, writerNm=null, writerPic=null, pics=[], isFav=0, comments=[], isMoreComment=0)]
[2023-12-21 10:59:45 INFO  main] [com.green.greengram3.feed.FeedService] afterresult: [FeedSelVo(ifeed=1, contents=일번 , location=null, createdAt=null, writerIuser=0, writerNm=null, writerPic=null, pics=[a.jpg, b.jpg], isFav=0, comments=[], isMoreComment=0), FeedSelVo(ifeed=3, contents=이번 , location=null, createdAt=null, writerIuser=0, writerNm=null, writerPic=null, pics=[], isFav=0, comments=[], isMoreComment=0)]
[2023-12-21 10:59:45 INFO  main] [com.green.greengram3.feed.FeedService] FeedPicsAffectedRows: 3
[2023-12-21 10:59:45 INFO  main] [com.green.greengram3.feed.FeedService] FeedPicsAffectedRows: 3
[2023-12-21 10:59:45 INFO  SpringApplicationShutdownHook] [com.zaxxer.hikari.HikariDataSource] HikariPool-1 - Shutdown initiated...
[2023-12-21 10:59:45 INFO  SpringApplicationShutdownHook] [com.zaxxer.hikari.HikariDataSource] HikariPool-1 - Shutdown completed.
[2023-12-21 12:06:04 INFO  main] [com.green.greengram3.feed.FeedServiceTest] Starting FeedServiceTest using Java 17.0.8.1 with PID 10188 (started by Administrator in D:\java\greengram3)
[2023-12-21 12:06:04 INFO  main] [com.green.greengram3.feed.FeedServiceTest] No active profile set, falling back to 1 default profile: "default"
[2023-12-21 12:06:05 INFO  main] [com.green.greengram3.feed.FeedServiceTest] Started FeedServiceTest in 1.599 seconds (process running for 2.459)
[2023-12-21 12:06:05 INFO  main] [com.zaxxer.hikari.HikariDataSource] HikariPool-1 - Starting...
[2023-12-21 12:06:06 INFO  main] [com.zaxxer.hikari.pool.HikariPool] HikariPool-1 - Added connection org.mariadb.jdbc.Connection@5ab63a04
[2023-12-21 12:06:06 INFO  main] [com.zaxxer.hikari.HikariDataSource] HikariPool-1 - Start completed.
[2023-12-21 12:06:06 INFO  main] [com.green.greengram3.feed.FeedService] dto: FeedSelDto(page=0, loginedIuser=0, targetIuser=0, isFavList=0, startIdx=0, finishIdx=20)
[2023-12-21 12:06:06 INFO  main] [com.green.greengram3.feed.FeedService] beforeresult: [FeedSelVo(ifeed=1, contents=일번 , location=null, createdAt=null, writerIuser=0, writerNm=null, writerPic=null, pics=null, isFav=0, comments=null, isMoreComment=0), FeedSelVo(ifeed=3, contents=이번 , location=null, createdAt=null, writerIuser=0, writerNm=null, writerPic=null, pics=null, isFav=0, comments=null, isMoreComment=0)]
[2023-12-21 12:06:06 INFO  main] [com.green.greengram3.feed.FeedService] afterresult: [FeedSelVo(ifeed=1, contents=일번 , location=null, createdAt=null, writerIuser=0, writerNm=null, writerPic=null, pics=[], isFav=0, comments=[], isMoreComment=0), FeedSelVo(ifeed=3, contents=이번 , location=null, createdAt=null, writerIuser=0, writerNm=null, writerPic=null, pics=[], isFav=0, comments=[], isMoreComment=0)]
[2023-12-21 12:06:06 INFO  main] [com.green.greengram3.feed.FeedService] dto: FeedSelDto(page=0, loginedIuser=0, targetIuser=0, isFavList=0, startIdx=0, finishIdx=20)
[2023-12-21 12:06:06 INFO  main] [com.green.greengram3.feed.FeedService] beforeresult: [FeedSelVo(ifeed=1, contents=일번 , location=null, createdAt=null, writerIuser=0, writerNm=null, writerPic=null, pics=[], isFav=0, comments=[], isMoreComment=0), FeedSelVo(ifeed=3, contents=이번 , location=null, createdAt=null, writerIuser=0, writerNm=null, writerPic=null, pics=[], isFav=0, comments=[], isMoreComment=0)]
[2023-12-21 12:06:06 INFO  main] [com.green.greengram3.feed.FeedService] afterresult: [FeedSelVo(ifeed=1, contents=일번 , location=null, createdAt=null, writerIuser=0, writerNm=null, writerPic=null, pics=[a.jpg, b.jpg], isFav=0, comments=[], isMoreComment=0), FeedSelVo(ifeed=3, contents=이번 , location=null, createdAt=null, writerIuser=0, writerNm=null, writerPic=null, pics=[], isFav=0, comments=[], isMoreComment=0)]
[2023-12-21 12:06:06 INFO  SpringApplicationShutdownHook] [com.zaxxer.hikari.HikariDataSource] HikariPool-1 - Shutdown initiated...
[2023-12-21 12:06:06 INFO  SpringApplicationShutdownHook] [com.zaxxer.hikari.HikariDataSource] HikariPool-1 - Shutdown completed.
[2023-12-21 12:06:29 INFO  main] [com.green.greengram3.feed.FeedServiceTest] Starting FeedServiceTest using Java 17.0.8.1 with PID 9332 (started by Administrator in D:\java\greengram3)
[2023-12-21 12:06:29 INFO  main] [com.green.greengram3.feed.FeedServiceTest] No active profile set, falling back to 1 default profile: "default"
[2023-12-21 12:06:31 INFO  main] [com.green.greengram3.feed.FeedServiceTest] Started FeedServiceTest in 1.611 seconds (process running for 2.356)
[2023-12-21 12:06:31 INFO  main] [com.zaxxer.hikari.HikariDataSource] HikariPool-1 - Starting...
[2023-12-21 12:06:31 INFO  main] [com.zaxxer.hikari.pool.HikariPool] HikariPool-1 - Added connection org.mariadb.jdbc.Connection@68e24e7
[2023-12-21 12:06:31 INFO  main] [com.zaxxer.hikari.HikariDataSource] HikariPool-1 - Start completed.
[2023-12-21 12:06:31 INFO  main] [com.green.greengram3.feed.FeedService] dto: FeedSelDto(page=0, loginedIuser=0, targetIuser=0, isFavList=0, startIdx=0, finishIdx=20)
[2023-12-21 12:06:31 INFO  main] [com.green.greengram3.feed.FeedService] beforeresult: [FeedSelVo(ifeed=1, contents=일번 , location=null, createdAt=null, writerIuser=0, writerNm=null, writerPic=null, pics=null, isFav=0, comments=null, isMoreComment=0), FeedSelVo(ifeed=3, contents=이번 , location=null, createdAt=null, writerIuser=0, writerNm=null, writerPic=null, pics=null, isFav=0, comments=null, isMoreComment=0)]
[2023-12-21 12:06:31 INFO  main] [com.green.greengram3.feed.FeedService] afterresult: [FeedSelVo(ifeed=1, contents=일번 , location=null, createdAt=null, writerIuser=0, writerNm=null, writerPic=null, pics=[], isFav=0, comments=[], isMoreComment=0), FeedSelVo(ifeed=3, contents=이번 , location=null, createdAt=null, writerIuser=0, writerNm=null, writerPic=null, pics=[], isFav=0, comments=[], isMoreComment=0)]
[2023-12-21 12:06:31 INFO  main] [com.green.greengram3.feed.FeedService] dto: FeedSelDto(page=0, loginedIuser=0, targetIuser=0, isFavList=0, startIdx=0, finishIdx=20)
[2023-12-21 12:06:31 INFO  main] [com.green.greengram3.feed.FeedService] beforeresult: [FeedSelVo(ifeed=1, contents=일번 , location=null, createdAt=null, writerIuser=0, writerNm=null, writerPic=null, pics=[], isFav=0, comments=[], isMoreComment=0), FeedSelVo(ifeed=3, contents=이번 , location=null, createdAt=null, writerIuser=0, writerNm=null, writerPic=null, pics=[], isFav=0, comments=[], isMoreComment=0)]
[2023-12-21 12:06:31 INFO  main] [com.green.greengram3.feed.FeedService] afterresult: [FeedSelVo(ifeed=1, contents=일번 , location=null, createdAt=null, writerIuser=0, writerNm=null, writerPic=null, pics=[a.jpg, b.jpg], isFav=0, comments=[], isMoreComment=0), FeedSelVo(ifeed=3, contents=이번 , location=null, createdAt=null, writerIuser=0, writerNm=null, writerPic=null, pics=[], isFav=0, comments=[], isMoreComment=0)]
[2023-12-21 12:06:31 INFO  SpringApplicationShutdownHook] [com.zaxxer.hikari.HikariDataSource] HikariPool-1 - Shutdown initiated...
[2023-12-21 12:06:31 INFO  SpringApplicationShutdownHook] [com.zaxxer.hikari.HikariDataSource] HikariPool-1 - Shutdown completed.
[2023-12-21 12:08:21 INFO  main] [com.green.greengram3.feed.FeedServiceTest] Starting FeedServiceTest using Java 17.0.8.1 with PID 1492 (started by Administrator in D:\java\greengram3)
[2023-12-21 12:08:21 INFO  main] [com.green.greengram3.feed.FeedServiceTest] No active profile set, falling back to 1 default profile: "default"
[2023-12-21 12:08:22 INFO  main] [com.green.greengram3.feed.FeedServiceTest] Started FeedServiceTest in 1.578 seconds (process running for 2.312)
[2023-12-21 12:08:22 INFO  main] [com.zaxxer.hikari.HikariDataSource] HikariPool-1 - Starting...
[2023-12-21 12:08:22 INFO  main] [com.zaxxer.hikari.pool.HikariPool] HikariPool-1 - Added connection org.mariadb.jdbc.Connection@56c42964
[2023-12-21 12:08:22 INFO  main] [com.zaxxer.hikari.HikariDataSource] HikariPool-1 - Start completed.
[2023-12-21 12:08:22 INFO  main] [com.green.greengram3.feed.FeedService] dto: FeedSelDto(page=0, loginedIuser=0, targetIuser=0, isFavList=0, startIdx=0, finishIdx=20)
[2023-12-21 12:08:22 INFO  main] [com.green.greengram3.feed.FeedService] beforeresult: [FeedSelVo(ifeed=1, contents=일번 , location=null, createdAt=null, writerIuser=0, writerNm=null, writerPic=null, pics=null, isFav=0, comments=null, isMoreComment=0), FeedSelVo(ifeed=3, contents=이번 , location=null, createdAt=null, writerIuser=0, writerNm=null, writerPic=null, pics=null, isFav=0, comments=null, isMoreComment=0)]
[2023-12-21 12:08:22 INFO  main] [com.green.greengram3.feed.FeedService] afterresult: [FeedSelVo(ifeed=1, contents=일번 , location=null, createdAt=null, writerIuser=0, writerNm=null, writerPic=null, pics=[], isFav=0, comments=[], isMoreComment=0), FeedSelVo(ifeed=3, contents=이번 , location=null, createdAt=null, writerIuser=0, writerNm=null, writerPic=null, pics=[], isFav=0, comments=[], isMoreComment=0)]
[2023-12-21 12:08:22 INFO  main] [com.green.greengram3.feed.FeedService] dto: FeedSelDto(page=0, loginedIuser=0, targetIuser=0, isFavList=0, startIdx=0, finishIdx=20)
[2023-12-21 12:08:22 INFO  main] [com.green.greengram3.feed.FeedService] beforeresult: [FeedSelVo(ifeed=1, contents=일번 , location=null, createdAt=null, writerIuser=0, writerNm=null, writerPic=null, pics=[], isFav=0, comments=[], isMoreComment=0), FeedSelVo(ifeed=3, contents=이번 , location=null, createdAt=null, writerIuser=0, writerNm=null, writerPic=null, pics=[], isFav=0, comments=[], isMoreComment=0)]
[2023-12-21 12:08:22 INFO  main] [com.green.greengram3.feed.FeedService] afterresult: [FeedSelVo(ifeed=1, contents=일번 , location=null, createdAt=null, writerIuser=0, writerNm=null, writerPic=null, pics=[a.jpg, b.jpg], isFav=0, comments=[], isMoreComment=0), FeedSelVo(ifeed=3, contents=이번 , location=null, createdAt=null, writerIuser=0, writerNm=null, writerPic=null, pics=[가.jpg, 나.jpg], isFav=0, comments=[], isMoreComment=0)]
[2023-12-21 12:08:22 INFO  SpringApplicationShutdownHook] [com.zaxxer.hikari.HikariDataSource] HikariPool-1 - Shutdown initiated...
[2023-12-21 12:08:22 INFO  SpringApplicationShutdownHook] [com.zaxxer.hikari.HikariDataSource] HikariPool-1 - Shutdown completed.
