[2023-12-20 10:06:39 INFO  main] [com.green.greengram3.feed.FeedMapperTest] Starting FeedMapperTest using Java 17.0.8.1 with PID 9044 (started by Administrator in D:\java\greengram3)
[2023-12-20 10:06:39 INFO  main] [com.green.greengram3.feed.FeedMapperTest] No active profile set, falling back to 1 default profile: "default"
[2023-12-20 10:06:40 INFO  main] [com.green.greengram3.feed.FeedMapperTest] Started FeedMapperTest in 1.089 seconds (process running for 1.918)
[2023-12-20 10:06:40 INFO  main] [com.zaxxer.hikari.HikariDataSource] HikariPool-1 - Starting...
[2023-12-20 10:06:40 INFO  main] [com.zaxxer.hikari.pool.HikariPool] HikariPool-1 - Added connection org.mariadb.jdbc.Connection@67d32a54
[2023-12-20 10:06:40 INFO  main] [com.zaxxer.hikari.HikariDataSource] HikariPool-1 - Start completed.
[2023-12-20 10:06:41 INFO  SpringApplicationShutdownHook] [com.zaxxer.hikari.HikariDataSource] HikariPool-1 - Shutdown initiated...
[2023-12-20 10:06:41 INFO  SpringApplicationShutdownHook] [com.zaxxer.hikari.HikariDataSource] HikariPool-1 - Shutdown completed.
[2023-12-20 11:56:43 INFO  main] [com.green.greengram3.feed.FeedMapperTest] Starting FeedMapperTest using Java 17.0.8.1 with PID 3076 (started by Administrator in D:\java\greengram3)
[2023-12-20 11:56:43 INFO  main] [com.green.greengram3.feed.FeedMapperTest] No active profile set, falling back to 1 default profile: "default"
[2023-12-20 11:56:44 INFO  main] [com.green.greengram3.feed.FeedMapperTest] Started FeedMapperTest in 0.964 seconds (process running for 1.803)
[2023-12-20 11:56:44 INFO  main] [com.zaxxer.hikari.HikariDataSource] HikariPool-1 - Starting...
[2023-12-20 11:56:44 INFO  main] [com.zaxxer.hikari.pool.HikariPool] HikariPool-1 - Added connection org.mariadb.jdbc.Connection@34208baa
[2023-12-20 11:56:44 INFO  main] [com.zaxxer.hikari.HikariDataSource] HikariPool-1 - Start completed.
[2023-12-20 11:56:44 INFO  SpringApplicationShutdownHook] [com.zaxxer.hikari.HikariDataSource] HikariPool-1 - Shutdown initiated...
[2023-12-20 11:56:44 INFO  SpringApplicationShutdownHook] [com.zaxxer.hikari.HikariDataSource] HikariPool-1 - Shutdown completed.
[2023-12-20 11:56:50 INFO  main] [com.green.greengram3.feed.FeedServiceTest] Starting FeedServiceTest using Java 17.0.8.1 with PID 3572 (started by Administrator in D:\java\greengram3)
[2023-12-20 11:56:50 INFO  main] [com.green.greengram3.feed.FeedServiceTest] No active profile set, falling back to 1 default profile: "default"
[2023-12-20 11:56:51 INFO  main] [com.green.greengram3.feed.FeedServiceTest] Started FeedServiceTest in 1.655 seconds (process running for 2.389)
[2023-12-20 11:56:51 INFO  main] [com.zaxxer.hikari.HikariDataSource] HikariPool-1 - Starting...
[2023-12-20 11:56:52 INFO  main] [com.zaxxer.hikari.pool.HikariPool] HikariPool-1 - Added connection org.mariadb.jdbc.Connection@48c5698
[2023-12-20 11:56:52 INFO  main] [com.zaxxer.hikari.HikariDataSource] HikariPool-1 - Start completed.
[2023-12-20 11:56:52 INFO  main] [com.green.greengram3.feed.FeedService] dto: FeedSelDto(page=0, loginedIuser=0, targetIuser=0, isFavList=0, startIdx=0, finishIdx=20)
[2023-12-20 11:56:52 INFO  main] [com.green.greengram3.feed.FeedService] FeedPicsAffectedRows: 3
[2023-12-20 11:56:52 INFO  main] [com.green.greengram3.feed.FeedService] FeedPicsAffectedRows: 3
[2023-12-20 11:56:52 INFO  SpringApplicationShutdownHook] [com.zaxxer.hikari.HikariDataSource] HikariPool-1 - Shutdown initiated...
[2023-12-20 11:56:52 INFO  SpringApplicationShutdownHook] [com.zaxxer.hikari.HikariDataSource] HikariPool-1 - Shutdown completed.
[2023-12-20 12:19:10 INFO  main] [com.green.greengram3.feed.FeedServiceTest] Starting FeedServiceTest using Java 17.0.8.1 with PID 10044 (started by Administrator in D:\java\greengram3)
[2023-12-20 12:19:10 INFO  main] [com.green.greengram3.feed.FeedServiceTest] No active profile set, falling back to 1 default profile: "default"
[2023-12-20 12:19:11 INFO  main] [com.green.greengram3.feed.FeedServiceTest] Started FeedServiceTest in 1.637 seconds (process running for 2.38)
[2023-12-20 12:19:12 INFO  main] [com.zaxxer.hikari.HikariDataSource] HikariPool-1 - Starting...
[2023-12-20 12:19:12 INFO  main] [com.zaxxer.hikari.pool.HikariPool] HikariPool-1 - Added connection org.mariadb.jdbc.Connection@17884d
[2023-12-20 12:19:12 INFO  main] [com.zaxxer.hikari.HikariDataSource] HikariPool-1 - Start completed.
[2023-12-20 12:19:12 INFO  main] [com.green.greengram3.feed.FeedService] dto: FeedSelDto(page=0, loginedIuser=0, targetIuser=0, isFavList=0, startIdx=0, finishIdx=20)
[2023-12-20 12:19:12 INFO  main] [com.green.greengram3.feed.FeedService] FeedPicsAffectedRows: 3
[2023-12-20 12:19:12 INFO  main] [com.green.greengram3.feed.FeedService] FeedPicsAffectedRows: 3
[2023-12-20 12:19:12 INFO  SpringApplicationShutdownHook] [com.zaxxer.hikari.HikariDataSource] HikariPool-1 - Shutdown initiated...
[2023-12-20 12:19:12 INFO  SpringApplicationShutdownHook] [com.zaxxer.hikari.HikariDataSource] HikariPool-1 - Shutdown completed.
[2023-12-20 12:51:01 INFO  main] [com.green.greengram3.feed.FeedServiceTest] Starting FeedServiceTest using Java 17.0.8.1 with PID 10096 (started by Administrator in D:\java\greengram3)
[2023-12-20 12:51:01 INFO  main] [com.green.greengram3.feed.FeedServiceTest] No active profile set, falling back to 1 default profile: "default"
[2023-12-20 12:51:02 INFO  main] [com.green.greengram3.feed.FeedServiceTest] Started FeedServiceTest in 1.645 seconds (process running for 2.354)
[2023-12-20 12:51:02 INFO  main] [com.zaxxer.hikari.HikariDataSource] HikariPool-1 - Starting...
[2023-12-20 12:51:02 INFO  main] [com.zaxxer.hikari.pool.HikariPool] HikariPool-1 - Added connection org.mariadb.jdbc.Connection@2b3f7704
[2023-12-20 12:51:02 INFO  main] [com.zaxxer.hikari.HikariDataSource] HikariPool-1 - Start completed.
[2023-12-20 12:51:02 INFO  main] [com.green.greengram3.feed.FeedService] dto: FeedSelDto(page=0, loginedIuser=0, targetIuser=0, isFavList=0, startIdx=0, finishIdx=20)
[2023-12-20 12:51:02 INFO  main] [com.green.greengram3.feed.FeedService] dto: FeedSelDto(page=0, loginedIuser=0, targetIuser=0, isFavList=0, startIdx=0, finishIdx=20)
[2023-12-20 12:51:02 INFO  SpringApplicationShutdownHook] [com.zaxxer.hikari.HikariDataSource] HikariPool-1 - Shutdown initiated...
[2023-12-20 12:51:02 INFO  SpringApplicationShutdownHook] [com.zaxxer.hikari.HikariDataSource] HikariPool-1 - Shutdown completed.
[2023-12-20 12:52:52 INFO  main] [com.green.greengram3.feed.FeedServiceTest] Starting FeedServiceTest using Java 17.0.8.1 with PID 9648 (started by Administrator in D:\java\greengram3)
[2023-12-20 12:52:52 INFO  main] [com.green.greengram3.feed.FeedServiceTest] No active profile set, falling back to 1 default profile: "default"
[2023-12-20 12:52:53 INFO  main] [com.green.greengram3.feed.FeedServiceTest] Started FeedServiceTest in 1.658 seconds (process running for 2.378)
[2023-12-20 12:52:53 INFO  main] [com.zaxxer.hikari.HikariDataSource] HikariPool-1 - Starting...
[2023-12-20 12:52:53 INFO  main] [com.zaxxer.hikari.pool.HikariPool] HikariPool-1 - Added connection org.mariadb.jdbc.Connection@3db1ce78
[2023-12-20 12:52:53 INFO  main] [com.zaxxer.hikari.HikariDataSource] HikariPool-1 - Start completed.
[2023-12-20 12:52:53 INFO  main] [com.green.greengram3.feed.FeedService] dto: FeedSelDto(page=0, loginedIuser=0, targetIuser=0, isFavList=0, startIdx=0, finishIdx=20)
[2023-12-20 12:52:53 INFO  main] [com.green.greengram3.feed.FeedService] dto: FeedSelDto(page=0, loginedIuser=0, targetIuser=0, isFavList=0, startIdx=0, finishIdx=20)
[2023-12-20 12:52:53 INFO  SpringApplicationShutdownHook] [com.zaxxer.hikari.HikariDataSource] HikariPool-1 - Shutdown initiated...
[2023-12-20 12:52:53 INFO  SpringApplicationShutdownHook] [com.zaxxer.hikari.HikariDataSource] HikariPool-1 - Shutdown completed.
[2023-12-20 12:54:07 INFO  main] [com.green.greengram3.feed.FeedServiceTest] Starting FeedServiceTest using Java 17.0.8.1 with PID 9556 (started by Administrator in D:\java\greengram3)
[2023-12-20 12:54:07 INFO  main] [com.green.greengram3.feed.FeedServiceTest] No active profile set, falling back to 1 default profile: "default"
[2023-12-20 12:54:08 INFO  main] [com.green.greengram3.feed.FeedServiceTest] Started FeedServiceTest in 1.645 seconds (process running for 2.376)
[2023-12-20 12:54:08 INFO  main] [com.zaxxer.hikari.HikariDataSource] HikariPool-1 - Starting...
[2023-12-20 12:54:08 INFO  main] [com.zaxxer.hikari.pool.HikariPool] HikariPool-1 - Added connection org.mariadb.jdbc.Connection@6aad919c
[2023-12-20 12:54:08 INFO  main] [com.zaxxer.hikari.HikariDataSource] HikariPool-1 - Start completed.
[2023-12-20 12:54:08 INFO  main] [com.green.greengram3.feed.FeedService] dto: FeedSelDto(page=0, loginedIuser=0, targetIuser=0, isFavList=0, startIdx=0, finishIdx=20)
[2023-12-20 12:54:08 INFO  main] [com.green.greengram3.feed.FeedService] beforeresult: [com.green.greengram3.feed.model.FeedSelVo@cd5ff55, com.green.greengram3.feed.model.FeedSelVo@6003220a]
[2023-12-20 12:54:08 INFO  main] [com.green.greengram3.feed.FeedService] result: [com.green.greengram3.feed.model.FeedSelVo@cd5ff55, com.green.greengram3.feed.model.FeedSelVo@6003220a]
[2023-12-20 12:54:08 INFO  main] [com.green.greengram3.feed.FeedService] dto: FeedSelDto(page=0, loginedIuser=0, targetIuser=0, isFavList=0, startIdx=0, finishIdx=20)
[2023-12-20 12:54:08 INFO  main] [com.green.greengram3.feed.FeedService] beforeresult: [com.green.greengram3.feed.model.FeedSelVo@cd5ff55, com.green.greengram3.feed.model.FeedSelVo@6003220a]
[2023-12-20 12:54:08 INFO  main] [com.green.greengram3.feed.FeedService] result: [com.green.greengram3.feed.model.FeedSelVo@cd5ff55, com.green.greengram3.feed.model.FeedSelVo@6003220a]
[2023-12-20 12:54:08 INFO  SpringApplicationShutdownHook] [com.zaxxer.hikari.HikariDataSource] HikariPool-1 - Shutdown initiated...
[2023-12-20 12:54:08 INFO  SpringApplicationShutdownHook] [com.zaxxer.hikari.HikariDataSource] HikariPool-1 - Shutdown completed.
[2023-12-20 12:54:57 INFO  main] [com.green.greengram3.feed.FeedServiceTest] Starting FeedServiceTest using Java 17.0.8.1 with PID 7328 (started by Administrator in D:\java\greengram3)
[2023-12-20 12:54:57 INFO  main] [com.green.greengram3.feed.FeedServiceTest] No active profile set, falling back to 1 default profile: "default"
[2023-12-20 12:54:58 INFO  main] [com.green.greengram3.feed.FeedServiceTest] Started FeedServiceTest in 1.649 seconds (process running for 2.341)
[2023-12-20 12:54:58 INFO  main] [com.zaxxer.hikari.HikariDataSource] HikariPool-1 - Starting...
[2023-12-20 12:54:58 INFO  main] [com.zaxxer.hikari.pool.HikariPool] HikariPool-1 - Added connection org.mariadb.jdbc.Connection@2ae5bd34
[2023-12-20 12:54:58 INFO  main] [com.zaxxer.hikari.HikariDataSource] HikariPool-1 - Start completed.
[2023-12-20 12:54:58 INFO  main] [com.green.greengram3.feed.FeedService] dto: FeedSelDto(page=0, loginedIuser=0, targetIuser=0, isFavList=0, startIdx=0, finishIdx=20)
[2023-12-20 12:54:58 INFO  main] [com.green.greengram3.feed.FeedService] beforeresult: [FeedSelVo(ifeed=1, contents=일번 feedSelvo, location=null, createdAt=null, writerIuser=0, writerNm=null, writerPic=null, pics=null, isFav=0, comments=null, isMoreComment=0), FeedSelVo(ifeed=2, contents=이번 feedSelvo, location=null, createdAt=null, writerIuser=0, writerNm=null, writerPic=null, pics=null, isFav=0, comments=null, isMoreComment=0)]
[2023-12-20 12:54:58 INFO  main] [com.green.greengram3.feed.FeedService] result: [FeedSelVo(ifeed=1, contents=일번 feedSelvo, location=null, createdAt=null, writerIuser=0, writerNm=null, writerPic=null, pics=[], isFav=0, comments=[], isMoreComment=0), FeedSelVo(ifeed=2, contents=이번 feedSelvo, location=null, createdAt=null, writerIuser=0, writerNm=null, writerPic=null, pics=[], isFav=0, comments=[], isMoreComment=0)]
[2023-12-20 12:54:58 INFO  main] [com.green.greengram3.feed.FeedService] dto: FeedSelDto(page=0, loginedIuser=0, targetIuser=0, isFavList=0, startIdx=0, finishIdx=20)
[2023-12-20 12:54:58 INFO  main] [com.green.greengram3.feed.FeedService] beforeresult: [FeedSelVo(ifeed=1, contents=일번 feedSelvo, location=null, createdAt=null, writerIuser=0, writerNm=null, writerPic=null, pics=[], isFav=0, comments=[], isMoreComment=0), FeedSelVo(ifeed=2, contents=이번 feedSelvo, location=null, createdAt=null, writerIuser=0, writerNm=null, writerPic=null, pics=[], isFav=0, comments=[], isMoreComment=0)]
[2023-12-20 12:54:58 INFO  main] [com.green.greengram3.feed.FeedService] result: [FeedSelVo(ifeed=1, contents=일번 feedSelvo, location=null, createdAt=null, writerIuser=0, writerNm=null, writerPic=null, pics=[a.jpg, b.jpg], isFav=0, comments=[], isMoreComment=0), FeedSelVo(ifeed=2, contents=이번 feedSelvo, location=null, createdAt=null, writerIuser=0, writerNm=null, writerPic=null, pics=[가.jpg, 나.jpg], isFav=0, comments=[], isMoreComment=0)]
[2023-12-20 12:54:58 INFO  SpringApplicationShutdownHook] [com.zaxxer.hikari.HikariDataSource] HikariPool-1 - Shutdown initiated...
[2023-12-20 12:54:58 INFO  SpringApplicationShutdownHook] [com.zaxxer.hikari.HikariDataSource] HikariPool-1 - Shutdown completed.
[2023-12-20 12:56:21 INFO  main] [com.green.greengram3.feed.FeedServiceTest] Starting FeedServiceTest using Java 17.0.8.1 with PID 1868 (started by Administrator in D:\java\greengram3)
[2023-12-20 12:56:21 INFO  main] [com.green.greengram3.feed.FeedServiceTest] No active profile set, falling back to 1 default profile: "default"
[2023-12-20 12:56:22 INFO  main] [com.green.greengram3.feed.FeedServiceTest] Started FeedServiceTest in 1.67 seconds (process running for 2.389)
[2023-12-20 12:56:22 INFO  main] [com.zaxxer.hikari.HikariDataSource] HikariPool-1 - Starting...
[2023-12-20 12:56:22 INFO  main] [com.zaxxer.hikari.pool.HikariPool] HikariPool-1 - Added connection org.mariadb.jdbc.Connection@17884d
[2023-12-20 12:56:22 INFO  main] [com.zaxxer.hikari.HikariDataSource] HikariPool-1 - Start completed.
[2023-12-20 12:56:22 INFO  main] [com.green.greengram3.feed.FeedService] dto: FeedSelDto(page=0, loginedIuser=0, targetIuser=0, isFavList=0, startIdx=0, finishIdx=20)
[2023-12-20 12:56:22 INFO  main] [com.green.greengram3.feed.FeedService] beforeresult: [FeedSelVo(ifeed=1, contents=일번 feedSelvo, location=null, createdAt=null, writerIuser=0, writerNm=null, writerPic=null, pics=null, isFav=0, comments=null, isMoreComment=0), FeedSelVo(ifeed=2, contents=이번 feedSelvo, location=null, createdAt=null, writerIuser=0, writerNm=null, writerPic=null, pics=null, isFav=0, comments=null, isMoreComment=0)]
[2023-12-20 12:56:22 INFO  main] [com.green.greengram3.feed.FeedService] afterresult: [FeedSelVo(ifeed=1, contents=일번 feedSelvo, location=null, createdAt=null, writerIuser=0, writerNm=null, writerPic=null, pics=[], isFav=0, comments=[], isMoreComment=0), FeedSelVo(ifeed=2, contents=이번 feedSelvo, location=null, createdAt=null, writerIuser=0, writerNm=null, writerPic=null, pics=[], isFav=0, comments=[], isMoreComment=0)]
[2023-12-20 12:56:22 INFO  main] [com.green.greengram3.feed.FeedService] dto: FeedSelDto(page=0, loginedIuser=0, targetIuser=0, isFavList=0, startIdx=0, finishIdx=20)
[2023-12-20 12:56:22 INFO  main] [com.green.greengram3.feed.FeedService] beforeresult: [FeedSelVo(ifeed=1, contents=일번 feedSelvo, location=null, createdAt=null, writerIuser=0, writerNm=null, writerPic=null, pics=[], isFav=0, comments=[], isMoreComment=0), FeedSelVo(ifeed=2, contents=이번 feedSelvo, location=null, createdAt=null, writerIuser=0, writerNm=null, writerPic=null, pics=[], isFav=0, comments=[], isMoreComment=0)]
[2023-12-20 12:56:22 INFO  main] [com.green.greengram3.feed.FeedService] afterresult: [FeedSelVo(ifeed=1, contents=일번 feedSelvo, location=null, createdAt=null, writerIuser=0, writerNm=null, writerPic=null, pics=[a.jpg, b.jpg], isFav=0, comments=[], isMoreComment=0), FeedSelVo(ifeed=2, contents=이번 feedSelvo, location=null, createdAt=null, writerIuser=0, writerNm=null, writerPic=null, pics=[가.jpg, 나.jpg], isFav=0, comments=[], isMoreComment=0)]
[2023-12-20 12:56:22 INFO  SpringApplicationShutdownHook] [com.zaxxer.hikari.HikariDataSource] HikariPool-1 - Shutdown initiated...
[2023-12-20 12:56:22 INFO  SpringApplicationShutdownHook] [com.zaxxer.hikari.HikariDataSource] HikariPool-1 - Shutdown completed.
[2023-12-20 12:58:14 INFO  main] [com.green.greengram3.feed.FeedServiceTest] Starting FeedServiceTest using Java 17.0.8.1 with PID 10060 (started by Administrator in D:\java\greengram3)
[2023-12-20 12:58:14 INFO  main] [com.green.greengram3.feed.FeedServiceTest] No active profile set, falling back to 1 default profile: "default"
[2023-12-20 12:58:15 INFO  main] [com.green.greengram3.feed.FeedServiceTest] Started FeedServiceTest in 1.675 seconds (process running for 2.395)
[2023-12-20 12:58:15 INFO  main] [com.zaxxer.hikari.HikariDataSource] HikariPool-1 - Starting...
[2023-12-20 12:58:15 INFO  main] [com.zaxxer.hikari.pool.HikariPool] HikariPool-1 - Added connection org.mariadb.jdbc.Connection@3a3ad8e7
[2023-12-20 12:58:15 INFO  main] [com.zaxxer.hikari.HikariDataSource] HikariPool-1 - Start completed.
[2023-12-20 12:58:15 INFO  main] [com.green.greengram3.feed.FeedService] dto: FeedSelDto(page=0, loginedIuser=0, targetIuser=0, isFavList=0, startIdx=0, finishIdx=20)
[2023-12-20 12:58:15 INFO  main] [com.green.greengram3.feed.FeedService] beforeresult: [FeedSelVo(ifeed=1, contents=일번 feedSelvo, location=null, createdAt=null, writerIuser=0, writerNm=null, writerPic=null, pics=null, isFav=0, comments=null, isMoreComment=0), FeedSelVo(ifeed=3, contents=이번 feedSelvo, location=null, createdAt=null, writerIuser=0, writerNm=null, writerPic=null, pics=null, isFav=0, comments=null, isMoreComment=0)]
[2023-12-20 12:58:15 INFO  main] [com.green.greengram3.feed.FeedService] afterresult: [FeedSelVo(ifeed=1, contents=일번 feedSelvo, location=null, createdAt=null, writerIuser=0, writerNm=null, writerPic=null, pics=[], isFav=0, comments=[], isMoreComment=0), FeedSelVo(ifeed=3, contents=이번 feedSelvo, location=null, createdAt=null, writerIuser=0, writerNm=null, writerPic=null, pics=[], isFav=0, comments=[], isMoreComment=0)]
[2023-12-20 12:58:15 INFO  main] [com.green.greengram3.feed.FeedService] dto: FeedSelDto(page=0, loginedIuser=0, targetIuser=0, isFavList=0, startIdx=0, finishIdx=20)
[2023-12-20 12:58:15 INFO  main] [com.green.greengram3.feed.FeedService] beforeresult: [FeedSelVo(ifeed=1, contents=일번 feedSelvo, location=null, createdAt=null, writerIuser=0, writerNm=null, writerPic=null, pics=[], isFav=0, comments=[], isMoreComment=0), FeedSelVo(ifeed=3, contents=이번 feedSelvo, location=null, createdAt=null, writerIuser=0, writerNm=null, writerPic=null, pics=[], isFav=0, comments=[], isMoreComment=0)]
[2023-12-20 12:58:15 INFO  main] [com.green.greengram3.feed.FeedService] afterresult: [FeedSelVo(ifeed=1, contents=일번 feedSelvo, location=null, createdAt=null, writerIuser=0, writerNm=null, writerPic=null, pics=[a.jpg, b.jpg], isFav=0, comments=[], isMoreComment=0), FeedSelVo(ifeed=3, contents=이번 feedSelvo, location=null, createdAt=null, writerIuser=0, writerNm=null, writerPic=null, pics=[], isFav=0, comments=[], isMoreComment=0)]
[2023-12-20 12:58:16 INFO  SpringApplicationShutdownHook] [com.zaxxer.hikari.HikariDataSource] HikariPool-1 - Shutdown initiated...
[2023-12-20 12:58:16 INFO  SpringApplicationShutdownHook] [com.zaxxer.hikari.HikariDataSource] HikariPool-1 - Shutdown completed.
[2023-12-20 12:58:50 INFO  main] [com.green.greengram3.feed.FeedServiceTest] Starting FeedServiceTest using Java 17.0.8.1 with PID 668 (started by Administrator in D:\java\greengram3)
[2023-12-20 12:58:50 INFO  main] [com.green.greengram3.feed.FeedServiceTest] No active profile set, falling back to 1 default profile: "default"
[2023-12-20 12:58:51 INFO  main] [com.green.greengram3.feed.FeedServiceTest] Started FeedServiceTest in 1.657 seconds (process running for 2.384)
[2023-12-20 12:58:51 INFO  main] [com.zaxxer.hikari.HikariDataSource] HikariPool-1 - Starting...
[2023-12-20 12:58:51 INFO  main] [com.zaxxer.hikari.pool.HikariPool] HikariPool-1 - Added connection org.mariadb.jdbc.Connection@3b57f915
[2023-12-20 12:58:51 INFO  main] [com.zaxxer.hikari.HikariDataSource] HikariPool-1 - Start completed.
[2023-12-20 12:58:51 INFO  main] [com.green.greengram3.feed.FeedService] dto: FeedSelDto(page=0, loginedIuser=0, targetIuser=0, isFavList=0, startIdx=0, finishIdx=20)
[2023-12-20 12:58:51 INFO  main] [com.green.greengram3.feed.FeedService] beforeresult: [FeedSelVo(ifeed=1, contents=일번 , location=null, createdAt=null, writerIuser=0, writerNm=null, writerPic=null, pics=null, isFav=0, comments=null, isMoreComment=0), FeedSelVo(ifeed=3, contents=이번 , location=null, createdAt=null, writerIuser=0, writerNm=null, writerPic=null, pics=null, isFav=0, comments=null, isMoreComment=0)]
[2023-12-20 12:58:51 INFO  main] [com.green.greengram3.feed.FeedService] afterresult: [FeedSelVo(ifeed=1, contents=일번 , location=null, createdAt=null, writerIuser=0, writerNm=null, writerPic=null, pics=[], isFav=0, comments=[], isMoreComment=0), FeedSelVo(ifeed=3, contents=이번 , location=null, createdAt=null, writerIuser=0, writerNm=null, writerPic=null, pics=[], isFav=0, comments=[], isMoreComment=0)]
[2023-12-20 12:58:51 INFO  main] [com.green.greengram3.feed.FeedService] dto: FeedSelDto(page=0, loginedIuser=0, targetIuser=0, isFavList=0, startIdx=0, finishIdx=20)
[2023-12-20 12:58:51 INFO  main] [com.green.greengram3.feed.FeedService] beforeresult: [FeedSelVo(ifeed=1, contents=일번 , location=null, createdAt=null, writerIuser=0, writerNm=null, writerPic=null, pics=[], isFav=0, comments=[], isMoreComment=0), FeedSelVo(ifeed=3, contents=이번 , location=null, createdAt=null, writerIuser=0, writerNm=null, writerPic=null, pics=[], isFav=0, comments=[], isMoreComment=0)]
[2023-12-20 12:58:51 INFO  main] [com.green.greengram3.feed.FeedService] afterresult: [FeedSelVo(ifeed=1, contents=일번 , location=null, createdAt=null, writerIuser=0, writerNm=null, writerPic=null, pics=[a.jpg, b.jpg], isFav=0, comments=[], isMoreComment=0), FeedSelVo(ifeed=3, contents=이번 , location=null, createdAt=null, writerIuser=0, writerNm=null, writerPic=null, pics=[], isFav=0, comments=[], isMoreComment=0)]
[2023-12-20 12:58:51 INFO  SpringApplicationShutdownHook] [com.zaxxer.hikari.HikariDataSource] HikariPool-1 - Shutdown initiated...
[2023-12-20 12:58:51 INFO  SpringApplicationShutdownHook] [com.zaxxer.hikari.HikariDataSource] HikariPool-1 - Shutdown completed.
[2023-12-20 14:45:27 [32mINFO [0;39m restartedMain] [com.green.greengram3.Greengram3Application] [36mStarting Greengram3Application using Java 17.0.8.1 with PID 10948 (D:\java\greengram3\target\classes started by Administrator in D:\java\greengram3)[0;39m
[2023-12-20 14:45:27 [32mINFO [0;39m restartedMain] [com.green.greengram3.Greengram3Application] [36mNo active profile set, falling back to 1 default profile: "default"[0;39m
[2023-12-20 14:45:27 [32mINFO [0;39m restartedMain] [org.springframework.boot.devtools.env.DevToolsPropertyDefaultsPostProcessor] [36mDevtools property defaults active! Set 'spring.devtools.add-properties' to 'false' to disable[0;39m
[2023-12-20 14:45:27 [32mINFO [0;39m restartedMain] [org.springframework.boot.devtools.env.DevToolsPropertyDefaultsPostProcessor] [36mFor additional web related logging consider setting the 'logging.level.web' property to 'DEBUG'[0;39m
[2023-12-20 14:45:28 [32mINFO [0;39m restartedMain] [org.springframework.boot.web.embedded.tomcat.TomcatWebServer] [36mTomcat initialized with port 8082 (http)[0;39m
[2023-12-20 14:45:28 [32mINFO [0;39m restartedMain] [org.apache.coyote.http11.Http11NioProtocol] [36mInitializing ProtocolHandler ["http-nio-8082"][0;39m
[2023-12-20 14:45:28 [32mINFO [0;39m restartedMain] [org.apache.catalina.core.StandardService] [36mStarting service [Tomcat][0;39m
[2023-12-20 14:45:28 [32mINFO [0;39m restartedMain] [org.apache.catalina.core.StandardEngine] [36mStarting Servlet engine: [Apache Tomcat/10.1.16][0;39m
[2023-12-20 14:45:28 [32mINFO [0;39m restartedMain] [org.apache.catalina.core.ContainerBase.[Tomcat].[localhost].[/]] [36mInitializing Spring embedded WebApplicationContext[0;39m
[2023-12-20 14:45:28 [32mINFO [0;39m restartedMain] [org.springframework.boot.web.servlet.context.ServletWebServerApplicationContext] [36mRoot WebApplicationContext: initialization completed in 702 ms[0;39m
[2023-12-20 14:45:28 [32mINFO [0;39m restartedMain] [org.springframework.boot.autoconfigure.web.servlet.WelcomePageHandlerMapping] [36mAdding welcome page: class path resource [static/index.html][0;39m
[2023-12-20 14:45:29 [32mINFO [0;39m restartedMain] [org.springframework.boot.devtools.autoconfigure.OptionalLiveReloadServer] [36mLiveReload server is running on port 35729[0;39m
[2023-12-20 14:45:29 [32mINFO [0;39m restartedMain] [org.apache.coyote.http11.Http11NioProtocol] [36mStarting ProtocolHandler ["http-nio-8082"][0;39m
[2023-12-20 14:45:29 [32mINFO [0;39m restartedMain] [org.springframework.boot.web.embedded.tomcat.TomcatWebServer] [36mTomcat started on port 8082 (http) with context path ''[0;39m
[2023-12-20 14:45:29 [32mINFO [0;39m restartedMain] [com.green.greengram3.Greengram3Application] [36mStarted Greengram3Application in 1.524 seconds (process running for 1.877)[0;39m
[2023-12-20 14:45:32 [32mINFO [0;39m http-nio-8082-exec-1] [org.apache.catalina.core.ContainerBase.[Tomcat].[localhost].[/]] [36mInitializing Spring DispatcherServlet 'dispatcherServlet'[0;39m
[2023-12-20 14:45:32 [32mINFO [0;39m http-nio-8082-exec-1] [org.springframework.web.servlet.DispatcherServlet] [36mInitializing Servlet 'dispatcherServlet'[0;39m
[2023-12-20 14:45:32 [32mINFO [0;39m http-nio-8082-exec-1] [org.springframework.web.servlet.DispatcherServlet] [36mCompleted initialization in 0 ms[0;39m
[2023-12-20 14:45:37 [32mINFO [0;39m http-nio-8082-exec-7] [com.green.greengram3.feed.FeedService] [36mdto: FeedSelDto(page=0, loginedIuser=12, targetIuser=0, isFavList=0, startIdx=0, finishIdx=20)[0;39m
[2023-12-20 14:45:37 [32mINFO [0;39m http-nio-8082-exec-7] [com.zaxxer.hikari.HikariDataSource] [36mHikariPool-1 - Starting...[0;39m
[2023-12-20 14:45:37 [32mINFO [0;39m http-nio-8082-exec-7] [com.zaxxer.hikari.pool.HikariPool] [36mHikariPool-1 - Added connection org.mariadb.jdbc.Connection@10880e46[0;39m
[2023-12-20 14:45:37 [32mINFO [0;39m http-nio-8082-exec-7] [com.zaxxer.hikari.HikariDataSource] [36mHikariPool-1 - Start completed.[0;39m
[2023-12-20 14:45:37 [32mINFO [0;39m http-nio-8082-exec-7] [com.green.greengram3.feed.FeedService] [36mbeforeresult: [FeedSelVo(ifeed=129, contents=아직 회개가 덜되었구만, location=수리남, createdAt=2023-12-04 16:38:05, writerIuser=14, writerNm=전목사, writerPic=https://d2u3dcdbebyaiu.cloudfront.net/uploads/atch_img/73/371eae965fcb51ef11ca6b25ae35d8bb_res.jpeg, pics=null, isFav=0, comments=null, isMoreComment=0), FeedSelVo(ifeed=128, contents=In blandit ultrices enim. Lorem ipsum dolor sit amet, consectetuer adipiscing elit., location=Umag, createdAt=2023-12-04 12:04:27, writerIuser=5, writerNm=엠씨, writerPic=222222, pics=null, isFav=0, comments=null, isMoreComment=0), FeedSelVo(ifeed=127, contents=Nulla neque libero, convallis eget, eleifend luctus, ultricies eu, nibh. Quisque id justo sit amet sapien dignissim vestibulum., location=Sindangheula, createdAt=2023-12-04 12:04:27, writerIuser=4, writerNm=string, writerPic=string, pics=null, isFav=0, comments=null, isMoreComment=0), FeedSelVo(ifeed=126, contents=Curabitur at ipsum ac tellus semper interdum., location=Sidomulyo, createdAt=2023-12-04 12:04:27, writerIuser=4, writerNm=string, writerPic=string, pics=null, isFav=0, comments=null, isMoreComment=0), FeedSelVo(ifeed=125, contents=In congue. Etiam justo., location=Xilinji, createdAt=2023-12-04 12:04:27, writerIuser=5, writerNm=엠씨, writerPic=222222, pics=null, isFav=0, comments=null, isMoreComment=0), FeedSelVo(ifeed=124, contents=Proin risus. Praesent lectus., location=Eskilstuna, createdAt=2023-12-04 12:04:27, writerIuser=4, writerNm=string, writerPic=string, pics=null, isFav=0, comments=null, isMoreComment=0), FeedSelVo(ifeed=123, contents=Mauris enim leo, rhoncus sed, vestibulum sit amet, cursus id, turpis., location=Op, createdAt=2023-12-04 12:04:27, writerIuser=4, writerNm=string, writerPic=string, pics=null, isFav=0, comments=null, isMoreComment=0), FeedSelVo(ifeed=122, contents=Curabitur at ipsum ac tellus semper interdum. Mauris ullamcorper purus sit amet nulla. Quisque arcu libero, rutrum ac, lobortis vel, dapibus at, diam., location=Wanli, createdAt=2023-12-04 12:04:27, writerIuser=5, writerNm=엠씨, writerPic=222222, pics=null, isFav=0, comments=null, isMoreComment=0), FeedSelVo(ifeed=121, contents=Curabitur at ipsum ac tellus semper interdum., location=Villa Hayes, createdAt=2023-12-04 12:04:27, writerIuser=3, writerNm=seig, writerPic=33333, pics=null, isFav=0, comments=null, isMoreComment=0), FeedSelVo(ifeed=120, contents=Integer tincidunt ante vel ipsum. Praesent blandit lacinia erat., location=Krzęcin, createdAt=2023-12-04 12:04:27, writerIuser=3, writerNm=seig, writerPic=33333, pics=null, isFav=0, comments=null, isMoreComment=0), FeedSelVo(ifeed=119, contents=Phasellus in felis., location=Nagosela, createdAt=2023-12-04 12:04:27, writerIuser=1, writerNm=seigi, writerPic=33333, pics=null, isFav=0, comments=null, isMoreComment=0), FeedSelVo(ifeed=118, contents=Fusce posuere felis sed lacus. Morbi sem mauris, laoreet ut, rhoncus aliquet, pulvinar sed, nisl., location=Dongjiahe, createdAt=2023-12-04 12:04:27, writerIuser=5, writerNm=엠씨, writerPic=222222, pics=null, isFav=0, comments=null, isMoreComment=0), FeedSelVo(ifeed=117, contents=Integer a nibh. In quis justo. Maecenas rhoncus aliquam lacus., location=Maebashi-shi, createdAt=2023-12-04 12:04:27, writerIuser=1, writerNm=seigi, writerPic=33333, pics=null, isFav=0, comments=null, isMoreComment=0), FeedSelVo(ifeed=116, contents=Vivamus in felis eu sapien cursus vestibulum. Proin eu mi. Nulla ac enim., location=Saray, createdAt=2023-12-04 12:04:26, writerIuser=1, writerNm=seigi, writerPic=33333, pics=null, isFav=0, comments=null, isMoreComment=0), FeedSelVo(ifeed=115, contents=Maecenas leo odio, condimentum id, luctus nec, molestie sed, justo., location=Cascavel, createdAt=2023-12-04 12:04:26, writerIuser=3, writerNm=seig, writerPic=33333, pics=null, isFav=0, comments=null, isMoreComment=0), FeedSelVo(ifeed=114, contents=Integer ac leo. Pellentesque ultrices mattis odio., location=Tianning, createdAt=2023-12-04 12:04:26, writerIuser=1, writerNm=seigi, writerPic=33333, pics=null, isFav=0, comments=null, isMoreComment=0), FeedSelVo(ifeed=113, contents=Nulla justo. Aliquam quis turpis eget elit sodales scelerisque. Mauris sit amet eros., location=Macedo de Cavaleiros, createdAt=2023-12-04 12:04:26, writerIuser=3, writerNm=seig, writerPic=33333, pics=null, isFav=0, comments=null, isMoreComment=0), FeedSelVo(ifeed=112, contents=Nunc rhoncus dui vel sem. Sed sagittis. Nam congue, risus semper porta volutpat, quam pede lobortis ligula, sit amet eleifend pede libero quis orci., location=Burgastai, createdAt=2023-12-04 12:04:26, writerIuser=2, writerNm=seigi, writerPic=33333, pics=null, isFav=0, comments=null, isMoreComment=0), FeedSelVo(ifeed=111, contents=Morbi non lectus. Aliquam sit amet diam in magna bibendum imperdiet., location=Usatove, createdAt=2023-12-04 12:04:26, writerIuser=4, writerNm=string, writerPic=string, pics=null, isFav=0, comments=null, isMoreComment=0), FeedSelVo(ifeed=110, contents=Mauris sit amet eros. Suspendisse accumsan tortor quis turpis. Sed ante., location=Daming, createdAt=2023-12-04 12:04:26, writerIuser=4, writerNm=string, writerPic=string, pics=null, isFav=0, comments=null, isMoreComment=0)][0;39m
[2023-12-20 14:45:37 [32mINFO [0;39m http-nio-8082-exec-7] [com.green.greengram3.feed.FeedService] [36mafterresult: [FeedSelVo(ifeed=129, contents=아직 회개가 덜되었구만, location=수리남, createdAt=2023-12-04 16:38:05, writerIuser=14, writerNm=전목사, writerPic=https://d2u3dcdbebyaiu.cloudfront.net/uploads/atch_img/73/371eae965fcb51ef11ca6b25ae35d8bb_res.jpeg, pics=[https://cdn.themission.co.kr/news/photo/202209/57150_60442_0504.jpg], isFav=0, comments=[], isMoreComment=0), FeedSelVo(ifeed=128, contents=In blandit ultrices enim. Lorem ipsum dolor sit amet, consectetuer adipiscing elit., location=Umag, createdAt=2023-12-04 12:04:27, writerIuser=5, writerNm=엠씨, writerPic=222222, pics=[http://dummyimage.com/300x500.png/dddddd/000000], isFav=0, comments=[], isMoreComment=0), FeedSelVo(ifeed=127, contents=Nulla neque libero, convallis eget, eleifend luctus, ultricies eu, nibh. Quisque id justo sit amet sapien dignissim vestibulum., location=Sindangheula, createdAt=2023-12-04 12:04:27, writerIuser=4, writerNm=string, writerPic=string, pics=[http://dummyimage.com/300x500.png/dddddd/000000], isFav=0, comments=[], isMoreComment=0), FeedSelVo(ifeed=126, contents=Curabitur at ipsum ac tellus semper interdum., location=Sidomulyo, createdAt=2023-12-04 12:04:27, writerIuser=4, writerNm=string, writerPic=string, pics=[http://dummyimage.com/300x500.png/5fa2dd/ffffff], isFav=0, comments=[], isMoreComment=0), FeedSelVo(ifeed=125, contents=In congue. Etiam justo., location=Xilinji, createdAt=2023-12-04 12:04:27, writerIuser=5, writerNm=엠씨, writerPic=222222, pics=[http://dummyimage.com/300x500.png/cc0000/ffffff], isFav=0, comments=[], isMoreComment=0), FeedSelVo(ifeed=124, contents=Proin risus. Praesent lectus., location=Eskilstuna, createdAt=2023-12-04 12:04:27, writerIuser=4, writerNm=string, writerPic=string, pics=[http://dummyimage.com/300x500.png/5fa2dd/ffffff], isFav=0, comments=[], isMoreComment=0), FeedSelVo(ifeed=123, contents=Mauris enim leo, rhoncus sed, vestibulum sit amet, cursus id, turpis., location=Op, createdAt=2023-12-04 12:04:27, writerIuser=4, writerNm=string, writerPic=string, pics=[http://dummyimage.com/300x500.png/5fa2dd/ffffff], isFav=0, comments=[], isMoreComment=0), FeedSelVo(ifeed=122, contents=Curabitur at ipsum ac tellus semper interdum. Mauris ullamcorper purus sit amet nulla. Quisque arcu libero, rutrum ac, lobortis vel, dapibus at, diam., location=Wanli, createdAt=2023-12-04 12:04:27, writerIuser=5, writerNm=엠씨, writerPic=222222, pics=[http://dummyimage.com/300x500.png/dddddd/000000], isFav=0, comments=[], isMoreComment=0), FeedSelVo(ifeed=121, contents=Curabitur at ipsum ac tellus semper interdum., location=Villa Hayes, createdAt=2023-12-04 12:04:27, writerIuser=3, writerNm=seig, writerPic=33333, pics=[http://dummyimage.com/300x500.png/cc0000/ffffff], isFav=0, comments=[], isMoreComment=0), FeedSelVo(ifeed=120, contents=Integer tincidunt ante vel ipsum. Praesent blandit lacinia erat., location=Krzęcin, createdAt=2023-12-04 12:04:27, writerIuser=3, writerNm=seig, writerPic=33333, pics=[http://dummyimage.com/300x500.png/dddddd/000000], isFav=0, comments=[], isMoreComment=0), FeedSelVo(ifeed=119, contents=Phasellus in felis., location=Nagosela, createdAt=2023-12-04 12:04:27, writerIuser=1, writerNm=seigi, writerPic=33333, pics=[http://dummyimage.com/300x500.png/ff4444/ffffff], isFav=0, comments=[], isMoreComment=0), FeedSelVo(ifeed=118, contents=Fusce posuere felis sed lacus. Morbi sem mauris, laoreet ut, rhoncus aliquet, pulvinar sed, nisl., location=Dongjiahe, createdAt=2023-12-04 12:04:27, writerIuser=5, writerNm=엠씨, writerPic=222222, pics=[http://dummyimage.com/300x500.png/5fa2dd/ffffff], isFav=0, comments=[], isMoreComment=0), FeedSelVo(ifeed=117, contents=Integer a nibh. In quis justo. Maecenas rhoncus aliquam lacus., location=Maebashi-shi, createdAt=2023-12-04 12:04:27, writerIuser=1, writerNm=seigi, writerPic=33333, pics=[http://dummyimage.com/300x500.png/dddddd/000000], isFav=0, comments=[], isMoreComment=0), FeedSelVo(ifeed=116, contents=Vivamus in felis eu sapien cursus vestibulum. Proin eu mi. Nulla ac enim., location=Saray, createdAt=2023-12-04 12:04:26, writerIuser=1, writerNm=seigi, writerPic=33333, pics=[http://dummyimage.com/300x500.png/dddddd/000000], isFav=0, comments=[], isMoreComment=0), FeedSelVo(ifeed=115, contents=Maecenas leo odio, condimentum id, luctus nec, molestie sed, justo., location=Cascavel, createdAt=2023-12-04 12:04:26, writerIuser=3, writerNm=seig, writerPic=33333, pics=[http://dummyimage.com/300x500.png/dddddd/000000], isFav=0, comments=[], isMoreComment=0), FeedSelVo(ifeed=114, contents=Integer ac leo. Pellentesque ultrices mattis odio., location=Tianning, createdAt=2023-12-04 12:04:26, writerIuser=1, writerNm=seigi, writerPic=33333, pics=[http://dummyimage.com/300x500.png/cc0000/ffffff], isFav=0, comments=[], isMoreComment=0), FeedSelVo(ifeed=113, contents=Nulla justo. Aliquam quis turpis eget elit sodales scelerisque. Mauris sit amet eros., location=Macedo de Cavaleiros, createdAt=2023-12-04 12:04:26, writerIuser=3, writerNm=seig, writerPic=33333, pics=[http://dummyimage.com/300x500.png/dddddd/000000], isFav=0, comments=[], isMoreComment=0), FeedSelVo(ifeed=112, contents=Nunc rhoncus dui vel sem. Sed sagittis. Nam congue, risus semper porta volutpat, quam pede lobortis ligula, sit amet eleifend pede libero quis orci., location=Burgastai, createdAt=2023-12-04 12:04:26, writerIuser=2, writerNm=seigi, writerPic=33333, pics=[http://dummyimage.com/300x500.png/cc0000/ffffff], isFav=0, comments=[], isMoreComment=0), FeedSelVo(ifeed=111, contents=Morbi non lectus. Aliquam sit amet diam in magna bibendum imperdiet., location=Usatove, createdAt=2023-12-04 12:04:26, writerIuser=4, writerNm=string, writerPic=string, pics=[http://dummyimage.com/300x500.png/5fa2dd/ffffff], isFav=0, comments=[], isMoreComment=0), FeedSelVo(ifeed=110, contents=Mauris sit amet eros. Suspendisse accumsan tortor quis turpis. Sed ante., location=Daming, createdAt=2023-12-04 12:04:26, writerIuser=4, writerNm=string, writerPic=string, pics=[http://dummyimage.com/300x500.png/cc0000/ffffff], isFav=0, comments=[], isMoreComment=0)][0;39m
[2023-12-20 14:45:53 [32mINFO [0;39m http-nio-8082-exec-6] [org.springdoc.api.AbstractOpenApiResource] [36mInit duration for springdoc-openapi is: 162 ms[0;39m
[2023-12-20 14:45:57 [32mINFO [0;39m SpringApplicationShutdownHook] [com.zaxxer.hikari.HikariDataSource] [36mHikariPool-1 - Shutdown initiated...[0;39m
[2023-12-20 14:45:57 [32mINFO [0;39m SpringApplicationShutdownHook] [com.zaxxer.hikari.HikariDataSource] [36mHikariPool-1 - Shutdown completed.[0;39m
[2023-12-20 15:20:06 INFO  main] [com.green.greengram3.feed.FeedMapperTest] Starting FeedMapperTest using Java 17.0.8.1 with PID 2164 (started by Administrator in D:\java\greengram3)
[2023-12-20 15:20:06 INFO  main] [com.green.greengram3.feed.FeedMapperTest] No active profile set, falling back to 1 default profile: "default"
[2023-12-20 15:20:06 INFO  main] [com.green.greengram3.feed.FeedMapperTest] Starting FeedMapperTest using Java 17.0.8.1 with PID 10500 (started by Administrator in D:\java\greengram3)
[2023-12-20 15:20:06 INFO  main] [com.green.greengram3.feed.FeedMapperTest] No active profile set, falling back to 1 default profile: "default"
[2023-12-20 15:20:07 INFO  main] [com.green.greengram3.feed.FeedMapperTest] Started FeedMapperTest in 1.427 seconds (process running for 2.695)
[2023-12-20 15:20:07 INFO  main] [com.zaxxer.hikari.HikariDataSource] HikariPool-1 - Starting...
[2023-12-20 15:20:07 INFO  main] [com.zaxxer.hikari.pool.HikariPool] HikariPool-1 - Added connection org.mariadb.jdbc.Connection@66522ead
[2023-12-20 15:20:07 INFO  main] [com.zaxxer.hikari.HikariDataSource] HikariPool-1 - Start completed.
[2023-12-20 15:20:07 INFO  main] [com.green.greengram3.feed.FeedMapperTest] Started FeedMapperTest in 1.29 seconds (process running for 2.241)
[2023-12-20 15:20:07 INFO  main] [com.zaxxer.hikari.HikariDataSource] HikariPool-1 - Starting...
[2023-12-20 15:20:07 INFO  main] [com.zaxxer.hikari.pool.HikariPool] HikariPool-1 - Added connection org.mariadb.jdbc.Connection@6707a4bf
[2023-12-20 15:20:07 INFO  main] [com.zaxxer.hikari.HikariDataSource] HikariPool-1 - Start completed.
[2023-12-20 15:20:08 INFO  SpringApplicationShutdownHook] [com.zaxxer.hikari.HikariDataSource] HikariPool-1 - Shutdown initiated...
[2023-12-20 15:20:08 INFO  SpringApplicationShutdownHook] [com.zaxxer.hikari.HikariDataSource] HikariPool-1 - Shutdown completed.
[2023-12-20 15:20:08 INFO  SpringApplicationShutdownHook] [com.zaxxer.hikari.HikariDataSource] HikariPool-1 - Shutdown initiated...
[2023-12-20 15:20:08 INFO  SpringApplicationShutdownHook] [com.zaxxer.hikari.HikariDataSource] HikariPool-1 - Shutdown completed.
[2023-12-20 15:20:11 INFO  main] [com.green.greengram3.feed.FeedMapperTest] Starting FeedMapperTest using Java 17.0.8.1 with PID 4136 (started by Administrator in D:\java\greengram3)
[2023-12-20 15:20:11 INFO  main] [com.green.greengram3.feed.FeedMapperTest] No active profile set, falling back to 1 default profile: "default"
[2023-12-20 15:20:12 INFO  main] [com.green.greengram3.feed.FeedMapperTest] Started FeedMapperTest in 0.889 seconds (process running for 1.572)
[2023-12-20 15:20:12 INFO  main] [com.zaxxer.hikari.HikariDataSource] HikariPool-1 - Starting...
[2023-12-20 15:20:12 INFO  main] [com.zaxxer.hikari.pool.HikariPool] HikariPool-1 - Added connection org.mariadb.jdbc.Connection@3fc7c734
[2023-12-20 15:20:12 INFO  main] [com.zaxxer.hikari.HikariDataSource] HikariPool-1 - Start completed.
[2023-12-20 15:20:12 INFO  SpringApplicationShutdownHook] [com.zaxxer.hikari.HikariDataSource] HikariPool-1 - Shutdown initiated...
[2023-12-20 15:20:12 INFO  SpringApplicationShutdownHook] [com.zaxxer.hikari.HikariDataSource] HikariPool-1 - Shutdown completed.
[2023-12-20 15:20:20 [32mINFO [0;39m restartedMain] [com.green.greengram3.Greengram3Application] [36mStarting Greengram3Application using Java 17.0.8.1 with PID 6664 (D:\java\greengram3\target\classes started by Administrator in D:\java\greengram3)[0;39m
[2023-12-20 15:20:20 [32mINFO [0;39m restartedMain] [com.green.greengram3.Greengram3Application] [36mNo active profile set, falling back to 1 default profile: "default"[0;39m
[2023-12-20 15:20:21 [32mINFO [0;39m restartedMain] [org.springframework.boot.devtools.env.DevToolsPropertyDefaultsPostProcessor] [36mDevtools property defaults active! Set 'spring.devtools.add-properties' to 'false' to disable[0;39m
[2023-12-20 15:20:21 [32mINFO [0;39m restartedMain] [org.springframework.boot.devtools.env.DevToolsPropertyDefaultsPostProcessor] [36mFor additional web related logging consider setting the 'logging.level.web' property to 'DEBUG'[0;39m
[2023-12-20 15:20:21 [32mINFO [0;39m restartedMain] [org.springframework.boot.web.embedded.tomcat.TomcatWebServer] [36mTomcat initialized with port 8082 (http)[0;39m
[2023-12-20 15:20:21 [32mINFO [0;39m restartedMain] [org.apache.coyote.http11.Http11NioProtocol] [36mInitializing ProtocolHandler ["http-nio-8082"][0;39m
[2023-12-20 15:20:21 [32mINFO [0;39m restartedMain] [org.apache.catalina.core.StandardService] [36mStarting service [Tomcat][0;39m
[2023-12-20 15:20:21 [32mINFO [0;39m restartedMain] [org.apache.catalina.core.StandardEngine] [36mStarting Servlet engine: [Apache Tomcat/10.1.16][0;39m
[2023-12-20 15:20:21 [32mINFO [0;39m restartedMain] [org.apache.catalina.core.ContainerBase.[Tomcat].[localhost].[/]] [36mInitializing Spring embedded WebApplicationContext[0;39m
[2023-12-20 15:20:21 [32mINFO [0;39m restartedMain] [org.springframework.boot.web.servlet.context.ServletWebServerApplicationContext] [36mRoot WebApplicationContext: initialization completed in 702 ms[0;39m
[2023-12-20 15:20:21 [32mINFO [0;39m restartedMain] [org.springframework.boot.autoconfigure.web.servlet.WelcomePageHandlerMapping] [36mAdding welcome page: class path resource [static/index.html][0;39m
[2023-12-20 15:20:22 [32mINFO [0;39m restartedMain] [org.springframework.boot.devtools.autoconfigure.OptionalLiveReloadServer] [36mLiveReload server is running on port 35729[0;39m
[2023-12-20 15:20:22 [32mINFO [0;39m restartedMain] [org.apache.coyote.http11.Http11NioProtocol] [36mStarting ProtocolHandler ["http-nio-8082"][0;39m
[2023-12-20 15:20:22 [32mINFO [0;39m restartedMain] [org.springframework.boot.web.embedded.tomcat.TomcatWebServer] [36mTomcat started on port 8082 (http) with context path ''[0;39m
[2023-12-20 15:20:22 [32mINFO [0;39m restartedMain] [com.green.greengram3.Greengram3Application] [36mStarted Greengram3Application in 1.529 seconds (process running for 1.925)[0;39m
[2023-12-20 15:20:26 [32mINFO [0;39m http-nio-8082-exec-1] [org.apache.catalina.core.ContainerBase.[Tomcat].[localhost].[/]] [36mInitializing Spring DispatcherServlet 'dispatcherServlet'[0;39m
[2023-12-20 15:20:26 [32mINFO [0;39m http-nio-8082-exec-1] [org.springframework.web.servlet.DispatcherServlet] [36mInitializing Servlet 'dispatcherServlet'[0;39m
[2023-12-20 15:20:26 [32mINFO [0;39m http-nio-8082-exec-1] [org.springframework.web.servlet.DispatcherServlet] [36mCompleted initialization in 1 ms[0;39m
[2023-12-20 15:20:26 [32mINFO [0;39m http-nio-8082-exec-8] [org.springdoc.api.AbstractOpenApiResource] [36mInit duration for springdoc-openapi is: 176 ms[0;39m
